2025-04-04 11:48:34.261491 - Received CBT.V508.FILE561.PDS from FILE561.XMI 
2025-04-04 11:48:34.263824 - Found $$$#DATE.txt (text/plain) in CBT.V508.FILE561.PDS, moved to PDS/$$$#DATE
2025-04-04 11:48:34.264198 - Found $$NOTE1.eml (message/rfc822) in CBT.V508.FILE561.PDS, moved to PDS/$$NOTE1
2025-04-04 11:48:34.264525 - Found $$README.txt (text/plain) in CBT.V508.FILE561.PDS, moved to PDS/$$README
2025-04-04 11:48:34.264690 - Found @FILE561.txt (text/plain) in CBT.V508.FILE561.PDS, moved to PDS/@FILE561
2025-04-04 11:48:34.265260 - Found ASMC.txt (text/plain) in CBT.V508.FILE561.PDS, moved to PDS/ASMC
2025-04-04 11:48:34.265402 - Found ASME.txt (text/plain) in CBT.V508.FILE561.PDS, moved to PDS/ASME
2025-04-04 11:48:34.265538 - Found ASMEDITC.txt (text/plain) in CBT.V508.FILE561.PDS, moved to PDS/ASMEDITC
2025-04-04 11:48:34.265660 - Found ASMEDITN.txt (text/plain) in CBT.V508.FILE561.PDS, moved to PDS/ASMEDITN
2025-04-04 11:48:34.265777 - Found ASMN.txt (text/plain) in CBT.V508.FILE561.PDS, moved to PDS/ASMN
2025-04-04 11:48:34.265904 - Found BATCHEDT.txt (text/plain) in CBT.V508.FILE561.PDS, moved to PDS/BATCHEDT
2025-04-04 11:48:34.266049 - Found BATCHED1.txt (text/plain) in CBT.V508.FILE561.PDS, moved to PDS/BATCHED1
2025-04-04 11:48:34.266196 - Found BKT.txt (text/plain) in CBT.V508.FILE561.PDS, moved to PDS/BKT
2025-04-04 11:48:34.266314 - Found BOOKD.txt (text/plain) in CBT.V508.FILE561.PDS, moved to PDS/BOOKD
2025-04-04 11:48:34.266443 - Found BOOKSHRT.txt (text/plain) in CBT.V508.FILE561.PDS, moved to PDS/BOOKSHRT
2025-04-04 11:48:34.266567 - Found BPROC.txt (text/plain) in CBT.V508.FILE561.PDS, moved to PDS/BPROC
2025-04-04 11:48:34.266685 - Found CBC3GIS1.txt (text/plain) in CBT.V508.FILE561.PDS, moved to PDS/CBC3GIS1
2025-04-04 11:48:34.266804 - Found CBC3GIS6.txt (text/plain) in CBT.V508.FILE561.PDS, moved to PDS/CBC3GIS6
2025-04-04 11:48:34.266929 - Found CBC3GIS9.txt (text/plain) in CBT.V508.FILE561.PDS, moved to PDS/CBC3GIS9
2025-04-04 11:48:34.267054 - Found CCMP.txt (text/plain) in CBT.V508.FILE561.PDS, moved to PDS/CCMP
2025-04-04 11:48:34.267203 - Found CEDIT.txt (text/plain) in CBT.V508.FILE561.PDS, moved to PDS/CEDIT
2025-04-04 11:48:34.267990 - Found CHRDUMP.txt (text/plain) in CBT.V508.FILE561.PDS, moved to PDS/CHRDUMP
2025-04-04 11:48:34.268174 - Found COBV.txt (text/plain) in CBT.V508.FILE561.PDS, moved to PDS/COBV
2025-04-04 11:48:34.268297 - Found COBVEDIT.txt (text/plain) in CBT.V508.FILE561.PDS, moved to PDS/COBVEDIT
2025-04-04 11:48:34.268440 - Found COB2.txt (text/plain) in CBT.V508.FILE561.PDS, moved to PDS/COB2
2025-04-04 11:48:34.268564 - Found COB2EDIT.txt (text/plain) in CBT.V508.FILE561.PDS, moved to PDS/COB2EDIT
2025-04-04 11:48:34.268707 - Found COB3.txt (text/plain) in CBT.V508.FILE561.PDS, moved to PDS/COB3
2025-04-04 11:48:34.268854 - Found COB3EDIT.txt (text/plain) in CBT.V508.FILE561.PDS, moved to PDS/COB3EDIT
2025-04-04 11:48:34.268976 - Found COMPARE.txt (text/plain) in CBT.V508.FILE561.PDS, moved to PDS/COMPARE
2025-04-04 11:48:34.269093 - Found COMPPDS.txt (text/plain) in CBT.V508.FILE561.PDS, moved to PDS/COMPPDS
2025-04-04 11:48:34.269232 - Found CT.txt (text/plain) in CBT.V508.FILE561.PDS, moved to PDS/CT
2025-04-04 11:48:34.269559 - Found DATES.txt (text/plain) in CBT.V508.FILE561.PDS, moved to PDS/DATES
2025-04-04 11:48:34.269732 - Found DEBUG.txt (text/plain) in CBT.V508.FILE561.PDS, moved to PDS/DEBUG
2025-04-04 11:48:34.269875 - Found FELE.rexx (text/plain) in CBT.V508.FILE561.PDS, moved to PDS/FELE
2025-04-04 11:48:34.270083 - Found FELEREXX.rexx (text/plain) in CBT.V508.FILE561.PDS, moved to PDS/FELEREXX
2025-04-04 11:48:34.270197 - Found HCD.txt (text/plain) in CBT.V508.FILE561.PDS, moved to PDS/HCD
2025-04-04 11:48:34.270309 - Found IPCSINIT.txt (text/plain) in CBT.V508.FILE561.PDS, moved to PDS/IPCSINIT
2025-04-04 11:48:34.270480 - Found IPLINFO.rexx (text/plain) in CBT.V508.FILE561.PDS, moved to PDS/IPLINFO
2025-04-04 11:48:34.270620 - Found ISPALOC.txt (text/plain) in CBT.V508.FILE561.PDS, moved to PDS/ISPALOC
2025-04-04 11:48:34.270735 - Found NEWXREF.txt (text/plain) in CBT.V508.FILE561.PDS, moved to PDS/NEWXREF
2025-04-04 11:48:34.270848 - Found OWNER.txt (text/plain) in CBT.V508.FILE561.PDS, moved to PDS/OWNER
2025-04-04 11:48:34.270975 - Found PST.txt (text/plain) in CBT.V508.FILE561.PDS, moved to PDS/PST
2025-04-04 11:48:34.271091 - Found RENMSAVE.txt (text/plain) in CBT.V508.FILE561.PDS, moved to PDS/RENMSAVE
2025-04-04 11:48:34.271207 - Found SMPE0.txt (text/plain) in CBT.V508.FILE561.PDS, moved to PDS/SMPE0
2025-04-04 11:48:34.271334 - Found STARTREK.txt (text/plain) in CBT.V508.FILE561.PDS, moved to PDS/STARTREK
2025-04-04 11:48:34.271449 - Found T.txt (text/plain) in CBT.V508.FILE561.PDS, moved to PDS/T
2025-04-04 11:48:34.271566 - Found TESTMAC.txt (text/plain) in CBT.V508.FILE561.PDS, moved to PDS/TESTMAC
2025-04-04 11:48:34.271695 - Found TEST2.txt (text/plain) in CBT.V508.FILE561.PDS, moved to PDS/TEST2
2025-04-04 11:48:34.271810 - Found VSYSTEM.txt (text/plain) in CBT.V508.FILE561.PDS, moved to PDS/VSYSTEM
2025-04-04 11:48:34.271927 - Found XCOL.txt (text/plain) in CBT.V508.FILE561.PDS, moved to PDS/XCOL
2025-04-04 11:48:34.272059 - Found XREFPUT.txt (text/plain) in CBT.V508.FILE561.PDS, moved to PDS/XREFPUT
2025-04-04 11:48:34.272181 - Found XTUPDATE.txt (text/plain) in CBT.V508.FILE561.PDS, moved to PDS/XTUPDATE
2025-04-04 11:48:34.272294 - Found XXCOL.rexx (text/plain) in CBT.V508.FILE561.PDS, moved to PDS/XXCOL
